{
    "service": {
        "status": "ACTIVE", 
        "taskDefinition": "arn:aws:ecs:us-west-2:445803720301:task-definition/StarPractice:23", 
        "pendingCount": 0, 
        "loadBalancers": [
            {
                "containerName": "StarPractice", 
                "containerPort": 9000, 
                "loadBalancerName": "sparkydots"
            }
        ], 
        "roleArn": "arn:aws:iam::445803720301:role/ecsServiceRole", 
        "createdAt": 1468538169.27, 
        "desiredCount": 2, 
        "serviceName": "StarPractice", 
        "clusterArn": "arn:aws:ecs:us-west-2:445803720301:cluster/mini", 
        "serviceArn": "arn:aws:ecs:us-west-2:445803720301:service/StarPractice", 
        "deploymentConfiguration": {
            "maximumPercent": 200, 
            "minimumHealthyPercent": 50
        }, 
        "deployments": [
            {
                "status": "PRIMARY", 
                "pendingCount": 0, 
                "createdAt": 1469309073.808, 
                "desiredCount": 2, 
                "taskDefinition": "arn:aws:ecs:us-west-2:445803720301:task-definition/StarPractice:23", 
                "updatedAt": 1469309073.808, 
                "id": "ecs-svc/9223370567545701999", 
                "runningCount": 0
            }
        ], 
        "events": [
            {
                "message": "(service StarPractice) has reached a steady state.", 
                "id": "e5697a6d-9cd5-4dc1-8d5d-32df98678c62", 
                "createdAt": 1469299114.403
            }, 
            {
                "message": "(service StarPractice) has reached a steady state.", 
                "id": "465fb841-1902-450b-ac8e-ff20ccd6847d", 
                "createdAt": 1469277485.792
            }, 
            {
                "message": "(service StarPractice) has reached a steady state.", 
                "id": "6fcd977c-a4df-4dea-81c4-7bcfc5d7b975", 
                "createdAt": 1469255876.403
            }, 
            {
                "message": "(service StarPractice) has reached a steady state.", 
                "id": "21cade6b-fa73-4bca-8371-bb9ba387ab62", 
                "createdAt": 1469234252.174
            }, 
            {
                "message": "(service StarPractice) has reached a steady state.", 
                "id": "7c931eaf-26ca-4ed4-9dcb-af46de7691e2", 
                "createdAt": 1469212624.078
            }, 
            {
                "message": "(service StarPractice) has reached a steady state.", 
                "id": "bc0036c3-d662-4831-9a54-c539702a9f7a", 
                "createdAt": 1469190994.198
            }, 
            {
                "message": "(service StarPractice) registered 1 instances in (elb sparkydots)", 
                "id": "dabae106-8635-4661-8b4d-d05d8df0412d", 
                "createdAt": 1469190979.791
            }, 
            {
                "message": "(service StarPractice) deregistered 1 instances in (elb sparkydots)", 
                "id": "77a134d8-0dd4-46a4-bf11-d0a997920432", 
                "createdAt": 1469190965.329
            }, 
            {
                "message": "(service StarPractice) has started 1 tasks: (task dfff36e7-ba71-4ef4-a9c5-b30ca4d7ad95).", 
                "id": "c82706a0-8621-40b1-8852-987925c62019", 
                "createdAt": 1469190965.329
            }, 
            {
                "message": "(service StarPractice) was unable to place a task because no container instance met all of its requirements. The closest matching (container-instance e5f192e7-062a-4ab8-80a6-2b42494a55dd) is already using a port required by your task. For more information, see the Troubleshooting section of the Amazon ECS Developer Guide.", 
                "id": "95a4b9ac-9d3d-4b07-9342-2c0ba4c40385", 
                "createdAt": 1469190954.327
            }, 
            {
                "message": "(service StarPractice) has stopped 1 running tasks: (task 9216e555-935b-4044-8914-5d58ac61937a).", 
                "id": "3db7208e-51e9-4871-b2a7-4b5e932fc2ad", 
                "createdAt": 1469190954.322
            }, 
            {
                "message": "(service StarPractice) was unable to place a task because no container instance met all of its requirements. The closest matching (container-instance e5f192e7-062a-4ab8-80a6-2b42494a55dd) is already using a port required by your task. For more information, see the Troubleshooting section of the Amazon ECS Developer Guide.", 
                "id": "4e56533f-d385-4630-af65-28fed7a7db27", 
                "createdAt": 1469190940.222
            }, 
            {
                "message": "(service StarPractice) has begun draining connections on 1 tasks.", 
                "id": "ba276168-704e-47fc-b71b-2e2b3ba5aa68", 
                "createdAt": 1469190940.219
            }, 
            {
                "message": "(service StarPractice) deregistered 1 instances in (elb sparkydots)", 
                "id": "dab85990-4f9b-4406-9c93-2e61807b887a", 
                "createdAt": 1469190940.219
            }, 
            {
                "message": "(service StarPractice) registered 1 instances in (elb sparkydots)", 
                "id": "6d7f2a7c-bfbe-454f-b5c4-360b54d01555", 
                "createdAt": 1469190927.51
            }, 
            {
                "message": "(service StarPractice) was unable to place a task because no container instance met all of its requirements. The closest matching (container-instance e5f192e7-062a-4ab8-80a6-2b42494a55dd) is already using a port required by your task. For more information, see the Troubleshooting section of the Amazon ECS Developer Guide.", 
                "id": "ee1666d0-b6a7-4d76-8cd2-5f2c72fc64ef", 
                "createdAt": 1469190927.462
            }, 
            {
                "message": "(service StarPractice) has started 1 tasks: (task 90a7e289-daf4-4673-8cc9-68fd60b4bda0).", 
                "id": "f030595b-2d0a-4c98-8483-6654901ac3df", 
                "createdAt": 1469190913.425
            }, 
            {
                "message": "(service StarPractice) deregistered 1 instances in (elb sparkydots)", 
                "id": "f98207bc-6c5e-4881-b8df-838ed8b8fae5", 
                "createdAt": 1469190913.425
            }, 
            {
                "message": "(service StarPractice) has started 1 tasks: (task 8ed5ba74-2877-4d30-a823-6c07eeff4422).", 
                "id": "1ffe1cff-6374-4773-b1b9-cc1eacff7799", 
                "createdAt": 1469190898.689
            }, 
            {
                "message": "(service StarPractice) deregistered 1 instances in (elb sparkydots)", 
                "id": "690badd2-560c-4e59-9c3a-9daf7bb30905", 
                "createdAt": 1469190887.996
            }, 
            {
                "message": "(service StarPractice) has started 1 tasks: (task 5edbee63-7a39-40c9-a38f-b2df53445ca9).", 
                "id": "c938f2a3-d092-4c64-a63d-cd2d84448662", 
                "createdAt": 1469190887.996
            }, 
            {
                "message": "(service StarPractice) has started 1 tasks: (task 3caba352-e566-4172-9e7c-ee4798001b77).", 
                "id": "70394209-0bd0-4053-830a-95d8e067df95", 
                "createdAt": 1469190874.667
            }, 
            {
                "message": "(service StarPractice) deregistered 1 instances in (elb sparkydots)", 
                "id": "3ec6c645-fd9e-4268-8426-c7b188e8bf71", 
                "createdAt": 1469190861.115
            }, 
            {
                "message": "(service StarPractice) has started 1 tasks: (task f8a74b15-29b8-4e93-b5c9-2fdff34df244).", 
                "id": "e7a59c43-75e6-4b2e-8dd0-74eb98defcb9", 
                "createdAt": 1469190861.115
            }, 
            {
                "message": "(service StarPractice) has started 1 tasks: (task 2416166e-c2c5-4557-b4b8-64759b53244d).", 
                "id": "8469c716-2994-450f-8ddd-8335b255287c", 
                "createdAt": 1469190845.716
            }, 
            {
                "message": "(service StarPractice) deregistered 1 instances in (elb sparkydots)", 
                "id": "4574ce67-00d4-46b8-a45b-510bb43d6f30", 
                "createdAt": 1469190831.688
            }, 
            {
                "message": "(service StarPractice) has started 1 tasks: (task 6a8fd1b2-e1b2-4d1b-8ab8-dd7dedd7ef2c).", 
                "id": "80083991-416f-4fdf-a32a-f7bc4c17896c", 
                "createdAt": 1469190831.688
            }, 
            {
                "message": "(service StarPractice) has started 1 tasks: (task 597dc912-7418-49c5-ace3-52b1a0f2cf9d).", 
                "id": "5c51dc1b-d34b-4b52-9c5b-7dcb6c26c03b", 
                "createdAt": 1469190820.64
            }, 
            {
                "message": "(service StarPractice) deregistered 1 instances in (elb sparkydots)", 
                "id": "8ec01db9-c8c0-40d5-95ac-a8728b03ceae", 
                "createdAt": 1469190820.64
            }, 
            {
                "message": "(service StarPractice) has started 1 tasks: (task 7af83bc0-8de6-4afb-8b25-8f2a913318ef).", 
                "id": "4108ae70-a564-4a0c-a90a-e76550745c89", 
                "createdAt": 1469190807.155
            }, 
            {
                "message": "(service StarPractice) deregistered 1 instances in (elb sparkydots)", 
                "id": "da78b157-5cff-4f02-a2f0-6c276c6d0a9f", 
                "createdAt": 1469190807.155
            }, 
            {
                "message": "(service StarPractice) has started 1 tasks: (task b8162bc9-cdd9-4cf8-9a93-91d23db892bd).", 
                "id": "48113dbb-4500-4f72-b904-3df3f098b0a3", 
                "createdAt": 1469190794.054
            }, 
            {
                "message": "(service StarPractice) deregistered 1 instances in (elb sparkydots)", 
                "id": "a77205fb-ee94-48e0-a14a-83a7cebcd682", 
                "createdAt": 1469190794.054
            }, 
            {
                "message": "(service StarPractice) has started 1 tasks: (task ed61a7a1-238c-496a-bcec-86e5e2fb5d79).", 
                "id": "a719df54-aaa2-4f40-a7c0-0aafe4a80361", 
                "createdAt": 1469190779.488
            }, 
            {
                "message": "(service StarPractice) deregistered 1 instances in (elb sparkydots)", 
                "id": "fa9b73b7-880a-45f7-b90d-1042cd7d436c", 
                "createdAt": 1469190779.488
            }, 
            {
                "message": "(service StarPractice) has started 1 tasks: (task 38db8a39-64be-4bda-9ff4-18f702c633e4).", 
                "id": "44a96c9d-990f-4414-81e5-8276b00ed927", 
                "createdAt": 1469190765.513
            }, 
            {
                "message": "(service StarPractice) deregistered 1 instances in (elb sparkydots)", 
                "id": "b0ab4ff9-8458-4306-b923-2733b0282574", 
                "createdAt": 1469190765.513
            }, 
            {
                "message": "(service StarPractice) has started 1 tasks: (task f291ee14-e88a-411e-b8ea-510b9c4195fb).", 
                "id": "726913fe-23c8-4107-96f8-05694b7871b7", 
                "createdAt": 1469190753.82
            }, 
            {
                "message": "(service StarPractice) deregistered 1 instances in (elb sparkydots)", 
                "id": "6f2a8ad3-7a18-4ca5-b373-511b4ca57351", 
                "createdAt": 1469190740.288
            }, 
            {
                "message": "(service StarPractice) has started 1 tasks: (task b842e499-3630-4614-919c-05068e287f99).", 
                "id": "89a83b92-2484-4be3-b102-b1e02adef7b3", 
                "createdAt": 1469190740.288
            }, 
            {
                "message": "(service StarPractice) deregistered 1 instances in (elb sparkydots)", 
                "id": "d54c239f-aa49-464f-858e-855365cedaca", 
                "createdAt": 1469190727.639
            }, 
            {
                "message": "(service StarPractice) has started 1 tasks: (task 4c1383ef-e3d4-4918-9e48-247080fe095b).", 
                "id": "df53d566-49c3-4981-a89d-f86d87574962", 
                "createdAt": 1469190727.639
            }, 
            {
                "message": "(service StarPractice) has started 1 tasks: (task f20a036c-09ec-4960-9857-00617bc4e4f0).", 
                "id": "16c74e99-d6c1-41a6-8ead-1a1ce8365c6e", 
                "createdAt": 1469190712.657
            }, 
            {
                "message": "(service StarPractice) deregistered 1 instances in (elb sparkydots)", 
                "id": "d4b70bdf-0c73-46f7-96ba-4e4ad2f01fbf", 
                "createdAt": 1469190712.657
            }, 
            {
                "message": "(service StarPractice) has started 1 tasks: (task 306f9411-2a69-4756-a95e-5a4b0b4e914a).", 
                "id": "2217bd53-b406-4974-afaf-bf4657c8bbf7", 
                "createdAt": 1469190699.166
            }, 
            {
                "message": "(service StarPractice) deregistered 1 instances in (elb sparkydots)", 
                "id": "2f1a9c53-c94c-45c1-abdc-a8fb3ffa6259", 
                "createdAt": 1469190687.798
            }, 
            {
                "message": "(service StarPractice) has started 1 tasks: (task 932d4efb-589e-4bef-a4a7-79341a915cba).", 
                "id": "4fd19584-4a4c-419e-89de-897552c26844", 
                "createdAt": 1469190687.798
            }, 
            {
                "message": "(service StarPractice) deregistered 1 instances in (elb sparkydots)", 
                "id": "77484e4d-a09c-40c6-b139-dff4d7c95ff4", 
                "createdAt": 1469190674.515
            }, 
            {
                "message": "(service StarPractice) has started 1 tasks: (task dd1d510c-9b0e-4f97-9df3-747bedeb12e3).", 
                "id": "917a5058-9d1c-4e5a-ab4b-160004a8c723", 
                "createdAt": 1469190674.515
            }, 
            {
                "message": "(service StarPractice) has started 1 tasks: (task eb557fd9-b8ea-448f-8396-3bb0cdb90c26).", 
                "id": "1f5e6248-d5aa-40df-a702-51ce800d572b", 
                "createdAt": 1469190660.728
            }, 
            {
                "message": "(service StarPractice) deregistered 1 instances in (elb sparkydots)", 
                "id": "c245059d-af8a-4762-a09d-ebd9ada4790b", 
                "createdAt": 1469190660.728
            }, 
            {
                "message": "(service StarPractice) has started 1 tasks: (task c107cfe2-b80e-4172-b882-f5057e8db7bf).", 
                "id": "426fd36c-b1b9-44da-8ca7-1326c6144e42", 
                "createdAt": 1469190645.784
            }, 
            {
                "message": "(service StarPractice) deregistered 1 instances in (elb sparkydots)", 
                "id": "a9a05d56-382e-4f03-ab05-87ec0a860d1c", 
                "createdAt": 1469190632.358
            }, 
            {
                "message": "(service StarPractice) has started 1 tasks: (task 96010a8c-79b6-4659-875e-7f9d1f0b754c).", 
                "id": "ceef23bc-627a-4e78-a650-2ce58e21f78b", 
                "createdAt": 1469190632.358
            }, 
            {
                "message": "(service StarPractice) has started 1 tasks: (task 7ee6889c-71b9-4a58-8a87-0f8d8febd18b).", 
                "id": "33c5b0a0-6dae-40d7-8379-78cc0253b447", 
                "createdAt": 1469190621.197
            }, 
            {
                "message": "(service StarPractice) deregistered 1 instances in (elb sparkydots)", 
                "id": "42e7d1e6-b72d-4446-b917-dc0bc9bb8e1c", 
                "createdAt": 1469190621.197
            }, 
            {
                "message": "(service StarPractice) has started 1 tasks: (task 9380e7e2-3a3a-4702-9934-ee1765cc9204).", 
                "id": "21482421-4103-40c9-af9b-35b7b54b1e09", 
                "createdAt": 1469190608.101
            }, 
            {
                "message": "(service StarPractice) deregistered 1 instances in (elb sparkydots)", 
                "id": "15a93cb7-8dae-439d-917d-6d96d97473b4", 
                "createdAt": 1469190594.488
            }, 
            {
                "message": "(service StarPractice) has started 1 tasks: (task 2f2b2643-426e-406c-ac29-6e0a5a4e3dfb).", 
                "id": "1b6bb07a-2f8f-4606-a856-5e5722e922e8", 
                "createdAt": 1469190594.488
            }, 
            {
                "message": "(service StarPractice) has stopped 1 running tasks: (task e858da8c-213d-4215-bbfc-acbb85c03305).", 
                "id": "77a0bf49-7daa-4c32-a3ef-cb4629f773bf", 
                "createdAt": 1469190594.412
            }, 
            {
                "message": "(service StarPractice) was unable to place a task because no container instance met all of its requirements. The closest matching (container-instance e5f192e7-062a-4ab8-80a6-2b42494a55dd) is already using a port required by your task. For more information, see the Troubleshooting section of the Amazon ECS Developer Guide.", 
                "id": "22ed3f95-c050-47c5-b401-be1bb5cf50f4", 
                "createdAt": 1469190581.9
            }, 
            {
                "message": "(service StarPractice) has begun draining connections on 1 tasks.", 
                "id": "9e59f505-8424-4828-9f40-b3aa92c3a78e", 
                "createdAt": 1469190581.881
            }, 
            {
                "message": "(service StarPractice) deregistered 1 instances in (elb sparkydots)", 
                "id": "ecec6b24-e676-41e8-b058-25086ca8346f", 
                "createdAt": 1469190581.881
            }, 
            {
                "message": "(service StarPractice) has reached a steady state.", 
                "id": "f5fe167f-ac7d-4e3c-87af-e686bf1569f9", 
                "createdAt": 1469184831.712
            }, 
            {
                "message": "(service StarPractice) registered 1 instances in (elb sparkydots)", 
                "id": "29d5eb8a-7c93-4dde-a311-4c58a6197cb9", 
                "createdAt": 1469184815.725
            }, 
            {
                "message": "(service StarPractice) has started 1 tasks: (task 9216e555-935b-4044-8914-5d58ac61937a).", 
                "id": "4fe8c73a-92e3-4e5f-9daa-27a0f9852430", 
                "createdAt": 1469184803.861
            }, 
            {
                "message": "(service StarPractice) deregistered 1 instances in (elb sparkydots)", 
                "id": "b9a62015-c568-4921-8ea3-4c7ccdc258d4", 
                "createdAt": 1469184803.861
            }, 
            {
                "message": "(service StarPractice) has stopped 1 running tasks: (task 38eb990d-49c1-443e-9905-c1586d2e1afc).", 
                "id": "4d973a5f-52a2-4e7a-84d8-01012c34a368", 
                "createdAt": 1469184803.813
            }, 
            {
                "message": "(service StarPractice) was unable to place a task because no container instance met all of its requirements. The closest matching (container-instance e5f192e7-062a-4ab8-80a6-2b42494a55dd) is already using a port required by your task. For more information, see the Troubleshooting section of the Amazon ECS Developer Guide.", 
                "id": "64d03f73-a5dc-457c-a5a9-8fe838f58dce", 
                "createdAt": 1469184791.188
            }, 
            {
                "message": "(service StarPractice) has begun draining connections on 1 tasks.", 
                "id": "405d462e-60f5-4d67-b9e9-cc46301c9a06", 
                "createdAt": 1469184791.186
            }, 
            {
                "message": "(service StarPractice) deregistered 1 instances in (elb sparkydots)", 
                "id": "d04dc7cb-674c-4bab-84af-30602205565f", 
                "createdAt": 1469184791.186
            }, 
            {
                "message": "(service StarPractice) registered 1 instances in (elb sparkydots)", 
                "id": "066f6188-b730-4b90-b669-a100f47bb041", 
                "createdAt": 1469184776.559
            }, 
            {
                "message": "(service StarPractice) was unable to place a task because no container instance met all of its requirements. The closest matching (container-instance e5f192e7-062a-4ab8-80a6-2b42494a55dd) is already using a port required by your task. For more information, see the Troubleshooting section of the Amazon ECS Developer Guide.", 
                "id": "4a011f6b-7117-4df3-9d6d-0497f759b340", 
                "createdAt": 1469184776.549
            }, 
            {
                "message": "(service StarPractice) registered 1 instances in (elb sparkydots)", 
                "id": "92223978-4cc5-4944-813f-dc3f08b5edff", 
                "createdAt": 1469184764.919
            }, 
            {
                "message": "(service StarPractice) was unable to place a task because no container instance met all of its requirements. The closest matching (container-instance e5f192e7-062a-4ab8-80a6-2b42494a55dd) is already using a port required by your task. For more information, see the Troubleshooting section of the Amazon ECS Developer Guide.", 
                "id": "67ce8e16-e08f-4b50-b996-f22feb4dd330", 
                "createdAt": 1469184764.89
            }, 
            {
                "message": "(service StarPractice) deregistered 1 instances in (elb sparkydots)", 
                "id": "7ae54a8f-64c7-469f-aed2-f71ebdd363e4", 
                "createdAt": 1469184750.0
            }, 
            {
                "message": "(service StarPractice) has started 1 tasks: (task e858da8c-213d-4215-bbfc-acbb85c03305).", 
                "id": "c21c277e-787b-45e7-9ad1-78f0dda5b0e3", 
                "createdAt": 1469184750.0
            }, 
            {
                "message": "(service StarPractice) was unable to place a task because no container instance met all of its requirements. The closest matching (container-instance e5f192e7-062a-4ab8-80a6-2b42494a55dd) is already using a port required by your task. For more information, see the Troubleshooting section of the Amazon ECS Developer Guide.", 
                "id": "ff3d1d3f-0333-45bf-bb06-07c117cd86ca", 
                "createdAt": 1469184738.005
            }, 
            {
                "message": "(service StarPractice) has stopped 1 running tasks: (task cce19f2c-10b3-42f6-99fb-50c9f479027a).", 
                "id": "187a6bc0-c6da-4b7a-a37a-b13ef5d81450", 
                "createdAt": 1469184738.001
            }, 
            {
                "message": "(service StarPractice) was unable to place a task because no container instance met all of its requirements. The closest matching (container-instance e5f192e7-062a-4ab8-80a6-2b42494a55dd) is already using a port required by your task. For more information, see the Troubleshooting section of the Amazon ECS Developer Guide.", 
                "id": "0df66355-9675-4efc-ac9e-37ea1b566b09", 
                "createdAt": 1469184714.356
            }, 
            {
                "message": "(service StarPractice) has begun draining connections on 1 tasks.", 
                "id": "7f4f0566-394c-4ff5-8e70-4947ae8e8edf", 
                "createdAt": 1469184714.29
            }, 
            {
                "message": "(service StarPractice) deregistered 1 instances in (elb sparkydots)", 
                "id": "99ea2e6d-dc65-4800-ab44-33c4d9b0581a", 
                "createdAt": 1469184714.29
            }, 
            {
                "message": "(service StarPractice) has reached a steady state.", 
                "id": "0cb64adb-125c-4acf-a0a9-9b7bc4c43528", 
                "createdAt": 1469164214.067
            }, 
            {
                "message": "(service StarPractice) has reached a steady state.", 
                "id": "7ff166a9-4686-43db-ba8f-efd2f56d9cab", 
                "createdAt": 1469142610.556
            }, 
            {
                "message": "(service StarPractice) has reached a steady state.", 
                "id": "491b1a49-ae67-4d7e-8636-898ea5f025a0", 
                "createdAt": 1469121007.772
            }, 
            {
                "message": "(service StarPractice) registered 1 instances in (elb sparkydots)", 
                "id": "1ef9fcf0-6e3c-4cde-8d15-0cf98d1222cc", 
                "createdAt": 1469120984.158
            }, 
            {
                "message": "(service StarPractice) deregistered 1 instances in (elb sparkydots)", 
                "id": "175fbb3f-0191-4635-a9c3-875692823c3d", 
                "createdAt": 1469120840.493
            }, 
            {
                "message": "(service StarPractice) has started 1 tasks: (task cce19f2c-10b3-42f6-99fb-50c9f479027a).", 
                "id": "c5ec2370-4829-4a50-b624-c5e12aa10ef8", 
                "createdAt": 1469120840.493
            }, 
            {
                "message": "(service StarPractice) was unable to place a task because no container instance met all of its requirements. The closest matching (container-instance e5f192e7-062a-4ab8-80a6-2b42494a55dd) is already using a port required by your task. For more information, see the Troubleshooting section of the Amazon ECS Developer Guide.", 
                "id": "abc590ae-50d5-47eb-a07f-91fa63d23acb", 
                "createdAt": 1469120558.794
            }, 
            {
                "message": "(service StarPractice) has reached a steady state.", 
                "id": "a1284d0d-d38e-4178-a227-5ceace32c109", 
                "createdAt": 1469119866.017
            }, 
            {
                "message": "(service StarPractice) registered 1 instances in (elb sparkydots)", 
                "id": "6d831849-62bd-48dc-a915-2b476e6c1bf5", 
                "createdAt": 1469119843.36
            }, 
            {
                "message": "(service StarPractice) deregistered 1 instances in (elb sparkydots)", 
                "id": "74eb36b2-3c17-4d82-854f-78952ac3420e", 
                "createdAt": 1469119693.68
            }, 
            {
                "message": "(service StarPractice) has started 1 tasks: (task 37290bc5-97c8-490d-8c2b-bb0599a4c03a).", 
                "id": "8a65f233-7d64-4720-8b3d-ae0ef0f9d043", 
                "createdAt": 1469119693.68
            }, 
            {
                "message": "(service StarPractice) was unable to place a task because no container instance met all of its requirements. The closest matching (container-instance e5f192e7-062a-4ab8-80a6-2b42494a55dd) is already using a port required by your task. For more information, see the Troubleshooting section of the Amazon ECS Developer Guide.", 
                "id": "d4019c78-ac36-4db8-b675-3d72ecb7fd63", 
                "createdAt": 1469118740.99
            }, 
            {
                "message": "(service StarPractice) registered 1 instances in (elb sparkydots)", 
                "id": "e51b0d14-7446-4694-b01f-b8b5f04c5531", 
                "createdAt": 1469118729.532
            }, 
            {
                "message": "(service StarPractice) has reached a steady state.", 
                "id": "e2880b4b-72ea-477b-bc91-9a41c82a48fb", 
                "createdAt": 1469111417.191
            }, 
            {
                "message": "(service StarPractice) has reached a steady state.", 
                "id": "ca232eb9-fd10-458b-8255-424b990f2cf0", 
                "createdAt": 1469089814.859
            }, 
            {
                "message": "(service StarPractice) registered 1 instances in (elb sparkydots)", 
                "id": "01c490f7-c96d-4a7e-b011-62d658376de7", 
                "createdAt": 1469089802.672
            }, 
            {
                "message": "(service StarPractice) deregistered 1 instances in (elb sparkydots)", 
                "id": "8a066510-ff4e-4023-a58e-b54576698418", 
                "createdAt": 1469089786.502
            }, 
            {
                "message": "(service StarPractice) has started 1 tasks: (task 5fc6658f-8fa3-4c3a-9a80-e7dfcb579e76).", 
                "id": "d6d3a8dc-58b1-4f73-ab91-4c32595f2aee", 
                "createdAt": 1469089786.502
            }
        ], 
        "runningCount": 0
    }
}
